<?xml version="1.0" encoding="UTF-8"?>
<!-- Generated by org.testng.reporters.JUnitXMLReporter -->
<testsuite hostname="maguangyideMacBook-Air.local" ignored="3" name="Command line test" tests="22" failures="0" timestamp="21 十一月 2018 13:36:12 GMT" time="9.981" errors="0">
  <testcase name="testHandleDataWithSecret" time="0.437" classname="me.chanjar.weixin.common.util.DataUtilsTest"/>
  <testcase name="test" time="2.518" classname="me.chanjar.weixin.common.api.WxMessageInMemoryDuplicateCheckerTest"/>
  <testcase name="testAesEncrypt" time="0.744" classname="me.chanjar.weixin.common.util.crypto.WxCryptUtilTest"/>
  <testcase name="testAesEncrypt2" time="0.009" classname="me.chanjar.weixin.common.util.crypto.WxCryptUtilTest"/>
  <testcase name="testNormal" time="0.097" classname="me.chanjar.weixin.common.util.crypto.WxCryptUtilTest"/>
  <testcase name="testValidateSignatureError" time="0.003" classname="me.chanjar.weixin.common.util.crypto.WxCryptUtilTest"/>
  <testcase name="testFromBadJson1" time="0.093" classname="me.chanjar.weixin.common.error.WxErrorTest"/>
  <testcase name="testFromBadJson2" time="0.0" classname="me.chanjar.weixin.common.error.WxErrorTest"/>
  <testcase name="testFromJson" time="0.0" classname="me.chanjar.weixin.common.error.WxErrorTest"/>
  <testcase name="testGen" time="0.0" classname="me.chanjar.weixin.common.util.crypto.SHA1Test"/>
  <testcase name="testGenWithAmple" time="0.001" classname="me.chanjar.weixin.common.util.crypto.SHA1Test"/>
  <testcase name="testGen_illegalArguments" time="0.001" classname="me.chanjar.weixin.common.util.crypto.SHA1Test"/>
  <testcase name="testBackgroundProcess" time="2.013" classname="me.chanjar.weixin.common.session.SessionTest"/>
  <testcase name="testBackgroundProcess2" time="2.009" classname="me.chanjar.weixin.common.session.SessionTest"/>
  <testcase name="testGetSession" time="0.002" classname="me.chanjar.weixin.common.session.SessionTest"/>
  <testcase name="testInvalidate" time="0.001" classname="me.chanjar.weixin.common.session.SessionTest"/>
  <testcase name="testInvalidate2" time="0.001" classname="me.chanjar.weixin.common.session.SessionTest"/>
  <testcase name="testInvalidateAngGet" time="0.0" classname="me.chanjar.weixin.common.session.SessionTest"/>
  <testcase name="testMaxActive" time="0.004" classname="me.chanjar.weixin.common.session.SessionTest"/>
  <testcase name="testMaxActive2" time="0.001" classname="me.chanjar.weixin.common.session.SessionTest"/>
  <testcase name="testBuild" time="1.896" classname="me.chanjar.weixin.common.util.http.apache.DefaultApacheHttpClientBuilderTest"/>
  <testcase name="testFromJson" time="0.001" classname="me.chanjar.weixin.common.bean.WxAccessTokenTest"/>
  <testcase name="testToJson" time="0.0" classname="me.chanjar.weixin.common.bean.WxMenuTest">
    <ignored/>
  </testcase> <!-- testToJson -->
  <testcase name="testAddConditionalToJson" time="0.0" classname="me.chanjar.weixin.common.bean.WxMenuTest">
    <ignored/>
  </testcase> <!-- testAddConditionalToJson -->
  <testcase name="testFromJson" time="0.0" classname="me.chanjar.weixin.common.bean.WxMenuTest">
    <ignored/>
  </testcase> <!-- testFromJson -->
</testsuite> <!-- Command line test -->
